Determining if the pthread_create exist failed with the following output:
Change Dir: /home/hjalmar/thesis/nexxis_ws/build/catkin_tools_prebuild/CMakeFiles/CMakeTmp

Run Build Command:"/usr/bin/make" "cmTC_844ec/fast"
/usr/bin/make -f CMakeFiles/cmTC_844ec.dir/build.make CMakeFiles/cmTC_844ec.dir/build
make[1]: Entering directory '/home/hjalmar/thesis/nexxis_ws/build/catkin_tools_prebuild/CMakeFiles/CMakeTmp'
Building C object CMakeFiles/cmTC_844ec.dir/CheckSymbolExists.c.o
/usr/bin/cc    -o CMakeFiles/cmTC_844ec.dir/CheckSymbolExists.c.o   -c /home/hjalmar/thesis/nexxis_ws/build/catkin_tools_prebuild/CMakeFiles/CMakeTmp/CheckSymbolExists.c
Linking C executable cmTC_844ec
/usr/bin/cmake -E cmake_link_script CMakeFiles/cmTC_844ec.dir/link.txt --verbose=1
/usr/bin/cc      -rdynamic CMakeFiles/cmTC_844ec.dir/CheckSymbolExists.c.o  -o cmTC_844ec 
CMakeFiles/cmTC_844ec.dir/CheckSymbolExists.c.o: In function `main':
CheckSymbolExists.c:(.text+0x1b): undefined reference to `pthread_create'
collect2: error: ld returned 1 exit status
CMakeFiles/cmTC_844ec.dir/build.make:97: recipe for target 'cmTC_844ec' failed
make[1]: *** [cmTC_844ec] Error 1
make[1]: Leaving directory '/home/hjalmar/thesis/nexxis_ws/build/catkin_tools_prebuild/CMakeFiles/CMakeTmp'
Makefile:126: recipe for target 'cmTC_844ec/fast' failed
make: *** [cmTC_844ec/fast] Error 2

File /home/hjalmar/thesis/nexxis_ws/build/catkin_tools_prebuild/CMakeFiles/CMakeTmp/CheckSymbolExists.c:
/* */
#include <pthread.h>

int main(int argc, char** argv)
{
  (void)argv;
#ifndef pthread_create
  return ((int*)(&pthread_create))[argc];
#else
  (void)argc;
  return 0;
#endif
}

Determining if the function pthread_create exists in the pthreads failed with the following output:
Change Dir: /home/hjalmar/thesis/nexxis_ws/build/catkin_tools_prebuild/CMakeFiles/CMakeTmp

Run Build Command:"/usr/bin/make" "cmTC_84dfb/fast"
/usr/bin/make -f CMakeFiles/cmTC_84dfb.dir/build.make CMakeFiles/cmTC_84dfb.dir/build
make[1]: Entering directory '/home/hjalmar/thesis/nexxis_ws/build/catkin_tools_prebuild/CMakeFiles/CMakeTmp'
Building C object CMakeFiles/cmTC_84dfb.dir/CheckFunctionExists.c.o
/usr/bin/cc   -DCHECK_FUNCTION_EXISTS=pthread_create   -o CMakeFiles/cmTC_84dfb.dir/CheckFunctionExists.c.o   -c /usr/share/cmake-3.10/Modules/CheckFunctionExists.c
Linking C executable cmTC_84dfb
/usr/bin/cmake -E cmake_link_script CMakeFiles/cmTC_84dfb.dir/link.txt --verbose=1
/usr/bin/cc  -DCHECK_FUNCTION_EXISTS=pthread_create    -rdynamic CMakeFiles/cmTC_84dfb.dir/CheckFunctionExists.c.o  -o cmTC_84dfb -lpthreads 
/usr/bin/ld: cannot find -lpthreads
collect2: error: ld returned 1 exit status
CMakeFiles/cmTC_84dfb.dir/build.make:97: recipe for target 'cmTC_84dfb' failed
make[1]: *** [cmTC_84dfb] Error 1
make[1]: Leaving directory '/home/hjalmar/thesis/nexxis_ws/build/catkin_tools_prebuild/CMakeFiles/CMakeTmp'
Makefile:126: recipe for target 'cmTC_84dfb/fast' failed
make: *** [cmTC_84dfb/fast] Error 2


